Using pre-set license
Built from '2020.3/staging' branch; Version is '2020.3.17f1 (a4537701e4ab) revision 10769271'; Using compiler version '192528614'; Build Type 'Release'
OS: 'Windows 10 Pro; OS build 19043.1237; Version 2009; 64bit' Language: 'es' Physical Memory: 16221 MB
BatchMode: 1, IsHumanControllingUs: 0, StartBugReporterOnCrash: 0, Is64bit: 1, IsPro: 0

COMMAND LINE ARGUMENTS:
C:\Program Files\Unity\Hub\Editor\2020.3.17f1\Editor\Unity.exe
-adb2
-batchMode
-noUpm
-name
AssetImportWorker0
-projectPath
D:/WebOS/Taller2/LearnPiano
-logFile
Logs/AssetImportWorker0.log
-srvPort
57086
Successfully changed project path to: D:/WebOS/Taller2/LearnPiano
D:/WebOS/Taller2/LearnPiano
Using Asset Import Pipeline V2.
Refreshing native plugins compatible for Editor in 78.80 ms, found 5 plugins.
Preloading 2 native plugins for Editor in 3.71 ms.
Initialize engine version: 2020.3.17f1 (a4537701e4ab)
[Subsystems] Discovering subsystems at path C:/Program Files/Unity/Hub/Editor/2020.3.17f1/Editor/Data/Resources/UnitySubsystems
[Subsystems] Discovering subsystems at path D:/WebOS/Taller2/LearnPiano/Assets
GfxDevice: creating device client; threaded=0
Direct3D:
    Version:  Direct3D 11.0 [level 11.1]
    Renderer: NVIDIA GeForce GTX 1650 (ID=0x1f91)
    Vendor:   
    VRAM:     3962 MB
    Driver:   30.0.14.7168
Initialize mono
Mono path[0] = 'C:/Program Files/Unity/Hub/Editor/2020.3.17f1/Editor/Data/Managed'
Mono path[1] = 'C:/Program Files/Unity/Hub/Editor/2020.3.17f1/Editor/Data/MonoBleedingEdge/lib/mono/unityjit'
Mono config path = 'C:/Program Files/Unity/Hub/Editor/2020.3.17f1/Editor/Data/MonoBleedingEdge/etc'
Using monoOptions --debugger-agent=transport=dt_socket,embedding=1,server=y,suspend=n,address=127.0.0.1:56124
Begin MonoManager ReloadAssembly
Registering precompiled unity dll's ...
Register platform support module: C:/Program Files/Unity/Hub/Editor/2020.3.17f1/Editor/Data/PlaybackEngines/WindowsStandaloneSupport/UnityEditor.WindowsStandalone.Extensions.dll
Registered in 0.003592 seconds.
Native extension for WindowsStandalone target not found
Refreshing native plugins compatible for Editor in 65.49 ms, found 5 plugins.
Preloading 2 native plugins for Editor in 0.13 ms.
Mono: successfully reloaded assembly
- Completed reload, in  2.318 seconds
Domain Reload Profiling:
	ReloadAssembly (2319ms)
		BeginReloadAssembly (129ms)
			ExecutionOrderSort (0ms)
			DisableScriptedObjects (0ms)
			BackupInstance (0ms)
			ReleaseScriptingObjects (0ms)
			CreateAndSetChildDomain (2ms)
		EndReloadAssembly (837ms)
			LoadAssemblies (121ms)
			RebuildTransferFunctionScriptingTraits (0ms)
			SetupTypeCache (282ms)
			ReleaseScriptCaches (0ms)
			RebuildScriptCaches (59ms)
			SetupLoadedEditorAssemblies (354ms)
				LogAssemblyErrors (0ms)
				InitializePlatformSupportModulesInManaged (7ms)
				SetLoadedEditorAssemblies (0ms)
				RefreshPlugins (66ms)
				BeforeProcessingInitializeOnLoad (38ms)
				ProcessInitializeOnLoadAttributes (182ms)
				ProcessInitializeOnLoadMethodAttributes (59ms)
				AfterProcessingInitializeOnLoad (0ms)
				EditorAssembliesLoaded (0ms)
			ExecutionOrderSort2 (0ms)
			AwakeInstancesAfterBackupRestoration (0ms)
Platform modules already initialized, skipping
Registering precompiled user dll's ...
Registered in 0.015843 seconds.
Begin MonoManager ReloadAssembly
Native extension for WindowsStandalone target not found
Refreshing native plugins compatible for Editor in 0.83 ms, found 5 plugins.
Preloading 2 native plugins for Editor in 0.10 ms.
System.NullReferenceException: Object reference not set to an instance of an object
  at Vuforia.EditorClasses.ExtensionTypeProvider.GetVuforiaPackageAbsPath () [0x0004a] in <67f168408fbf4fce9c04342c093e9fe7>:0 
  at Vuforia.EditorClasses.ExtensionTypeProvider.IsPackageManager () [0x00000] in <67f168408fbf4fce9c04342c093e9fe7>:0 
  at Vuforia.EditorClasses.ExtensionTypeProvider.ResolvePluginType () [0x00009] in <67f168408fbf4fce9c04342c093e9fe7>:0 
  at Vuforia.EditorClasses.ExtensionTypeProvider.GetPluginType () [0x0000c] in <67f168408fbf4fce9c04342c093e9fe7>:0 
  at Vuforia.EditorClasses.VuforiaUtilities.IsVuforiaEnabledInPlayerSettings () [0x00000] in <67f168408fbf4fce9c04342c093e9fe7>:0 
  at VuforiaEnabledObserver..cctor () [0x00000] in <67f168408fbf4fce9c04342c093e9fe7>:0 
UnityEngine.StackTraceUtility:ExtractStackTrace ()
UnityEngine.DebugLogHandler:LogFormat (UnityEngine.LogType,UnityEngine.Object,string,object[])
UnityEngine.Logger:Log (UnityEngine.LogType,object)
UnityEngine.Debug:LogError (object)
UnityEditor.EditorAssemblies:ProcessInitializeOnLoadAttributes (System.Type[])

System.NullReferenceException: Object reference not set to an instance of an object
  at Vuforia.EditorClasses.ExtensionTypeProvider.GetVuforiaPackageAbsPath () [0x0004a] in <67f168408fbf4fce9c04342c093e9fe7>:0 
  at Vuforia.EditorClasses.ExtensionTypeProvider.IsPackageManager () [0x00000] in <67f168408fbf4fce9c04342c093e9fe7>:0 
  at Vuforia.EditorClasses.ExtensionTypeProvider.ResolvePluginType () [0x00009] in <67f168408fbf4fce9c04342c093e9fe7>:0 
  at Vuforia.EditorClasses.ExtensionTypeProvider.GetPluginType () [0x0000c] in <67f168408fbf4fce9c04342c093e9fe7>:0 
  at Vuforia.EditorClasses.VuforiaUtilities.IsVuforiaEnabledInPlayerSettings () [0x00000] in <67f168408fbf4fce9c04342c093e9fe7>:0 
  at Vuforia.EditorClasses.InitializeOnLoadVuforiaTaskRunner..cctor () [0x00015] in <67f168408fbf4fce9c04342c093e9fe7>:0 
UnityEngine.StackTraceUtility:ExtractStackTrace ()
UnityEngine.DebugLogHandler:LogFormat (UnityEngine.LogType,UnityEngine.Object,string,object[])
UnityEngine.Logger:Log (UnityEngine.LogType,object)
UnityEngine.Debug:LogError (object)
UnityEditor.EditorAssemblies:ProcessInitializeOnLoadAttributes (System.Type[])

Mono: successfully reloaded assembly
- Completed reload, in  2.572 seconds
Domain Reload Profiling:
	ReloadAssembly (2574ms)
		BeginReloadAssembly (340ms)
			ExecutionOrderSort (0ms)
			DisableScriptedObjects (10ms)
			BackupInstance (0ms)
			ReleaseScriptingObjects (0ms)
			CreateAndSetChildDomain (33ms)
		EndReloadAssembly (2088ms)
			LoadAssemblies (212ms)
			RebuildTransferFunctionScriptingTraits (0ms)
			SetupTypeCache (667ms)
			ReleaseScriptCaches (1ms)
			RebuildScriptCaches (86ms)
			SetupLoadedEditorAssemblies (926ms)
				LogAssemblyErrors (0ms)
				InitializePlatformSupportModulesInManaged (9ms)
				SetLoadedEditorAssemblies (1ms)
				RefreshPlugins (1ms)
				BeforeProcessingInitializeOnLoad (164ms)
				ProcessInitializeOnLoadAttributes (728ms)
				ProcessInitializeOnLoadMethodAttributes (10ms)
				AfterProcessingInitializeOnLoad (13ms)
				EditorAssembliesLoaded (0ms)
			ExecutionOrderSort2 (0ms)
			AwakeInstancesAfterBackupRestoration (14ms)
Platform modules already initialized, skipping
========================================================================
Worker process is ready to serve import requests
Launched and connected shader compiler UnityShaderCompiler.exe after 0.14 seconds
Refreshing native plugins compatible for Editor in 2.06 ms, found 5 plugins.
Preloading 2 native plugins for Editor in 0.25 ms.
Unloading 1525 Unused Serialized files (Serialized files now loaded: 0)
System memory in use before: 73.0 MB.
System memory in use after: 73.1 MB.

Unloading 47 unused Assets to reduce memory usage. Loaded Objects now: 2225.
Total: 10.755300 ms (FindLiveObjects: 0.489500 ms CreateObjectMapping: 0.208700 ms MarkObjects: 9.767300 ms  DeleteObjects: 0.284300 ms)

AssetImportParameters requested are different than current active one (requested -> active):
  custom:framework-win-MediaFoundation: 216162199b28c13a410421893ffa2e32 -> 
  custom:video-decoder-ogg-theora: a1e56fd34408186e4bbccfd4996cb3dc -> 
  custom:container-muxer-webm: aa71ff27fc2769a1b78a27578f13a17b -> 
  custom:container-demuxer-webm: 4f35f7cbe854078d1ac9338744f61a02 -> 
  custom:container-demuxer-ogg: 62fdf1f143b41e24485cea50d1cbac27 -> 
  custom:video-encoder-webm-vp8: eb34c28f22e8b96e1ab97ce403110664 -> 
  custom:video-decoder-webm-vp8: 9c59270c3fd7afecdb556c50c9e8de78 -> 
  custom:audio-decoder-ogg-vorbis: bf7c407c2cedff20999df2af8eb42d56 -> 
  custom:audio-encoder-webm-vorbis: bf7c407c2cedff20999df2af8eb42d56 -> 
========================================================================
Received Import Request.
  path: Assets/Scenes
  artifactKey: Guid(64703406bef7ea74c9ed557df0d26c14) Importer(815301076,1909f56bfc062723c751e8b465ee728b)
Start importing Assets/Scenes using Guid(64703406bef7ea74c9ed557df0d26c14) Importer(815301076,1909f56bfc062723c751e8b465ee728b)  -> (artifact id: '6007ee5a4eb19f54a07e0023fca8265e') in 0.020611 seconds 
  Import took 0.029130 seconds .

========================================================================
Received Import Request.
  Time since last request: 0.000416 seconds.
  path: Assets/Scenes/SampleScene.unity
  artifactKey: Guid(9fc0d4010bbf28b4594072e72b8655ab) Importer(815301076,1909f56bfc062723c751e8b465ee728b)
Start importing Assets/Scenes/SampleScene.unity using Guid(9fc0d4010bbf28b4594072e72b8655ab) Importer(815301076,1909f56bfc062723c751e8b465ee728b)  -> (artifact id: '57753f2c0e06bacc621d9103f9863d67') in 0.041474 seconds 
  Import took 0.049827 seconds .

========================================================================
Received Import Request.
  Time since last request: 10.925306 seconds.
  path: Assets/Resources
  artifactKey: Guid(35b6aadac6ccd86419b1000f6a9dbac6) Importer(815301076,1909f56bfc062723c751e8b465ee728b)
Start importing Assets/Resources using Guid(35b6aadac6ccd86419b1000f6a9dbac6) Importer(815301076,1909f56bfc062723c751e8b465ee728b)  -> (artifact id: 'f26baca8332be034804af1fec5ddb0d0') in 0.015024 seconds 
  Import took 0.020252 seconds .

========================================================================
Received Import Request.
  Time since last request: 0.048507 seconds.
  path: Assets/Resources/VuforiaConfiguration.asset
  artifactKey: Guid(7efb0cd447d911848bdcf83414ed7b25) Importer(815301076,1909f56bfc062723c751e8b465ee728b)
Start importing Assets/Resources/VuforiaConfiguration.asset using Guid(7efb0cd447d911848bdcf83414ed7b25) Importer(815301076,1909f56bfc062723c751e8b465ee728b)  -> (artifact id: 'cd68c65379c89c8f5380193b96acb007') in 0.038275 seconds 
  Import took 0.071365 seconds .

========================================================================
Received Import Request.
  Time since last request: 13.142834 seconds.
  path: Assets/Sprites/A.png
  artifactKey: Guid(fb3c3fae35ed4c546985e66a1eeb26b4) Importer(815301076,1909f56bfc062723c751e8b465ee728b)
Start importing Assets/Sprites/A.png using Guid(fb3c3fae35ed4c546985e66a1eeb26b4) Importer(815301076,1909f56bfc062723c751e8b465ee728b)  -> (artifact id: 'f15739b48409f7f43bea183759830f50') in 0.061200 seconds 
  Import took 0.065343 seconds .

========================================================================
Received Import Request.
  Time since last request: 0.000341 seconds.
  path: Assets/Sprites/D.png
  artifactKey: Guid(588f6617d4c6d4c46b2e8ec9ca48966e) Importer(815301076,1909f56bfc062723c751e8b465ee728b)
Start importing Assets/Sprites/D.png using Guid(588f6617d4c6d4c46b2e8ec9ca48966e) Importer(815301076,1909f56bfc062723c751e8b465ee728b)  -> (artifact id: 'c4e56e2081d7d87d49201f9434483597') in 0.021097 seconds 
  Import took 0.024964 seconds .

========================================================================
Received Import Request.
  Time since last request: 0.000275 seconds.
  path: Assets/Sprites/C#.png
  artifactKey: Guid(235df09f418d0524ab6023a67f933484) Importer(815301076,1909f56bfc062723c751e8b465ee728b)
Start importing Assets/Sprites/C#.png using Guid(235df09f418d0524ab6023a67f933484) Importer(815301076,1909f56bfc062723c751e8b465ee728b)  -> (artifact id: 'beccd13285b70d4dfc1774c416e21994') in 0.029033 seconds 
  Import took 0.033372 seconds .

========================================================================
Received Import Request.
  Time since last request: 0.000539 seconds.
  path: Assets/Sprites/D#.png
  artifactKey: Guid(e994ea7240784d4499c09a7fc42a7094) Importer(815301076,1909f56bfc062723c751e8b465ee728b)
Start importing Assets/Sprites/D#.png using Guid(e994ea7240784d4499c09a7fc42a7094) Importer(815301076,1909f56bfc062723c751e8b465ee728b)  -> (artifact id: '9228d8f5b31fc90d766cec3297bf858d') in 0.023076 seconds 
  Import took 0.027413 seconds .

========================================================================
Received Import Request.
  Time since last request: 0.000324 seconds.
  path: Assets/Sprites/A#.png
  artifactKey: Guid(9f9b8dd038070c140a811521c15b41b8) Importer(815301076,1909f56bfc062723c751e8b465ee728b)
Start importing Assets/Sprites/A#.png using Guid(9f9b8dd038070c140a811521c15b41b8) Importer(815301076,1909f56bfc062723c751e8b465ee728b)  -> (artifact id: 'b0e0f813a33cbe499bf53bdc78f47caa') in 0.018864 seconds 
  Import took 0.023222 seconds .

========================================================================
Received Import Request.
  Time since last request: 0.000364 seconds.
  path: Assets/Sprites/C.png
  artifactKey: Guid(24490b8e7e325d145bd71f3fedfe950e) Importer(815301076,1909f56bfc062723c751e8b465ee728b)
Start importing Assets/Sprites/C.png using Guid(24490b8e7e325d145bd71f3fedfe950e) Importer(815301076,1909f56bfc062723c751e8b465ee728b)  -> (artifact id: '51080b82e73345957b9c3e9d4cd41cd8') in 0.019040 seconds 
  Import took 0.023175 seconds .

========================================================================
Received Import Request.
  Time since last request: 0.000374 seconds.
  path: Assets/Sprites/config_icon.png
  artifactKey: Guid(aa821a6ea470ce44280ce17a51a187de) Importer(815301076,1909f56bfc062723c751e8b465ee728b)
Start importing Assets/Sprites/config_icon.png using Guid(aa821a6ea470ce44280ce17a51a187de) Importer(815301076,1909f56bfc062723c751e8b465ee728b)  -> (artifact id: '562304695ebf1bbd12b3ac850d79d661') in 0.022503 seconds 
  Import took 0.026811 seconds .

========================================================================
Received Import Request.
  Time since last request: 0.000328 seconds.
  path: Assets/Sprites/E.png
  artifactKey: Guid(b70179ffe2d2e814c800df89c3de99c5) Importer(815301076,1909f56bfc062723c751e8b465ee728b)
Start importing Assets/Sprites/E.png using Guid(b70179ffe2d2e814c800df89c3de99c5) Importer(815301076,1909f56bfc062723c751e8b465ee728b)  -> (artifact id: '02eab474b2a7f458b27cef5cfb949156') in 0.019048 seconds 
  Import took 0.023292 seconds .

========================================================================
Received Import Request.
  Time since last request: 0.000347 seconds.
  path: Assets/Sprites/background.jpg
  artifactKey: Guid(fd8f1a20a959ec9428e91dc5e05b6316) Importer(815301076,1909f56bfc062723c751e8b465ee728b)
Start importing Assets/Sprites/background.jpg using Guid(fd8f1a20a959ec9428e91dc5e05b6316) Importer(815301076,1909f56bfc062723c751e8b465ee728b)  -> (artifact id: '5055b96355d222e7ba71b4ce5243d8e7') in 0.030900 seconds 
  Import took 0.035074 seconds .

========================================================================
Received Import Request.
  Time since last request: 0.000386 seconds.
  path: Assets/Sprites/B.png
  artifactKey: Guid(ff73e2c333a6864408f3406cfb90b673) Importer(815301076,1909f56bfc062723c751e8b465ee728b)
Start importing Assets/Sprites/B.png using Guid(ff73e2c333a6864408f3406cfb90b673) Importer(815301076,1909f56bfc062723c751e8b465ee728b)  -> (artifact id: 'ddcd665b858f7929ad9b7d88715d7214') in 0.019388 seconds 
  Import took 0.023712 seconds .

========================================================================
Received Import Request.
  Time since last request: 0.003772 seconds.
  path: Assets/Sprites/background.jpg
  artifactKey: Guid(fd8f1a20a959ec9428e91dc5e05b6316) Importer(815301076,1909f56bfc062723c751e8b465ee728b)
Start importing Assets/Sprites/background.jpg using Guid(fd8f1a20a959ec9428e91dc5e05b6316) Importer(815301076,1909f56bfc062723c751e8b465ee728b)  -> (artifact id: '5055b96355d222e7ba71b4ce5243d8e7') in 0.017940 seconds 
  Import took 0.022409 seconds .

========================================================================
Received Import Request.
  Time since last request: 2.261109 seconds.
  path: Assets/Sprites/F.png
  artifactKey: Guid(8a2ce5ad974ce6445ac6b7afe7f4c5b1) Importer(815301076,1909f56bfc062723c751e8b465ee728b)
Start importing Assets/Sprites/F.png using Guid(8a2ce5ad974ce6445ac6b7afe7f4c5b1) Importer(815301076,1909f56bfc062723c751e8b465ee728b)  -> (artifact id: '0cc3e672d2e9e486da4fa497727dbc06') in 0.024317 seconds 
  Import took 0.029851 seconds .

========================================================================
Received Import Request.
  Time since last request: 0.000500 seconds.
  path: Assets/Sprites/F#.png
  artifactKey: Guid(a71e41c886a9c7143bbb0bb7c6b33c2c) Importer(815301076,1909f56bfc062723c751e8b465ee728b)
Start importing Assets/Sprites/F#.png using Guid(a71e41c886a9c7143bbb0bb7c6b33c2c) Importer(815301076,1909f56bfc062723c751e8b465ee728b)  -> (artifact id: '0fcbb32e200fe6daab8ba30032d96a9e') in 0.024949 seconds 
  Import took 0.029861 seconds .

========================================================================
Received Import Request.
  Time since last request: 0.034746 seconds.
  path: Assets/Sprites/G.png
  artifactKey: Guid(ffa357eab405a0b4e8e646dc5d972583) Importer(815301076,1909f56bfc062723c751e8b465ee728b)
Start importing Assets/Sprites/G.png using Guid(ffa357eab405a0b4e8e646dc5d972583) Importer(815301076,1909f56bfc062723c751e8b465ee728b)  -> (artifact id: '9c4fca63637005746f37d8ae90442746') in 0.024413 seconds 
  Import took 0.028517 seconds .

========================================================================
Received Import Request.
  Time since last request: 0.000350 seconds.
  path: Assets/Sprites/G#.png
  artifactKey: Guid(04e12ae1b3b3c764b8eac5479cf0faa7) Importer(815301076,1909f56bfc062723c751e8b465ee728b)
Start importing Assets/Sprites/G#.png using Guid(04e12ae1b3b3c764b8eac5479cf0faa7) Importer(815301076,1909f56bfc062723c751e8b465ee728b)  -> (artifact id: '96c231431991f36997dde27d79da9380') in 0.022940 seconds 
  Import took 0.026766 seconds .

========================================================================
Received Import Request.
  Time since last request: 0.074352 seconds.
  path: Assets/Sprites/marker_1.png
  artifactKey: Guid(bfb6d2a871582f94f9a84d47425d37bf) Importer(815301076,1909f56bfc062723c751e8b465ee728b)
Start importing Assets/Sprites/marker_1.png using Guid(bfb6d2a871582f94f9a84d47425d37bf) Importer(815301076,1909f56bfc062723c751e8b465ee728b)  -> (artifact id: '485f0bdcd2a2d954f78d510c2359beb2') in 0.019855 seconds 
  Import took 0.024448 seconds .

========================================================================
Received Import Request.
  Time since last request: 4.206410 seconds.
  path: Assets/Sprites/marker_1.png
  artifactKey: Guid(bfb6d2a871582f94f9a84d47425d37bf) Importer(815301076,1909f56bfc062723c751e8b465ee728b)
Start importing Assets/Sprites/marker_1.png using Guid(bfb6d2a871582f94f9a84d47425d37bf) Importer(815301076,1909f56bfc062723c751e8b465ee728b)  -> (artifact id: '5f253540968eb6103096322470e341d1') in 0.027608 seconds 
  Import took 0.032141 seconds .

========================================================================
Received Import Request.
  Time since last request: 0.013043 seconds.
  path: Assets/Sprites/marker_1.png
  artifactKey: Guid(bfb6d2a871582f94f9a84d47425d37bf) Importer(815301076,1909f56bfc062723c751e8b465ee728b)
Start importing Assets/Sprites/marker_1.png using Guid(bfb6d2a871582f94f9a84d47425d37bf) Importer(815301076,1909f56bfc062723c751e8b465ee728b)  -> (artifact id: '5f253540968eb6103096322470e341d1') in 0.021461 seconds 
  Import took 0.025952 seconds .

========================================================================
Received Import Request.
  Time since last request: 153.159153 seconds.
  path: Assets/Sprites
  artifactKey: Guid(994a33213b125ee4c82ba1770273f7c0) Importer(815301076,1909f56bfc062723c751e8b465ee728b)
Start importing Assets/Sprites using Guid(994a33213b125ee4c82ba1770273f7c0) Importer(815301076,1909f56bfc062723c751e8b465ee728b)  -> (artifact id: 'f2fc5bc916f1dfd4f15b802f68aafe2c') in 0.012231 seconds 
  Import took 0.017757 seconds .

========================================================================
Received Import Request.
  Time since last request: 41.165516 seconds.
  path: Assets/Sprites/marker_1.png
  artifactKey: Guid(bfb6d2a871582f94f9a84d47425d37bf) Importer(815301076,1909f56bfc062723c751e8b465ee728b)
Start importing Assets/Sprites/marker_1.png using Guid(bfb6d2a871582f94f9a84d47425d37bf) Importer(815301076,1909f56bfc062723c751e8b465ee728b)  -> (artifact id: '83ed7967efe00a4d049778201a59a1a0') in 0.018865 seconds 
  Import took 0.023590 seconds .

========================================================================
Received Import Request.
  Time since last request: 207.574652 seconds.
  path: Assets
  artifactKey: Guid(00000000000000001000000000000000) Importer(815301076,1909f56bfc062723c751e8b465ee728b)
Start importing Assets using Guid(00000000000000001000000000000000) Importer(815301076,1909f56bfc062723c751e8b465ee728b)  -> (artifact id: '42d402b061de3733987d63b9cc3b64de') in 0.011570 seconds 
  Import took 0.018824 seconds .

========================================================================
Received Import Request.
  Time since last request: 5.281378 seconds.
  path: Assets/Prefabs
  artifactKey: Guid(7aebd16e669c86446be51b66402bba14) Importer(815301076,1909f56bfc062723c751e8b465ee728b)
Start importing Assets/Prefabs using Guid(7aebd16e669c86446be51b66402bba14) Importer(815301076,1909f56bfc062723c751e8b465ee728b)  -> (artifact id: '5cdb9d48b33ff69dade09fdc921558ba') in 0.012043 seconds 
  Import took 0.017848 seconds .

========================================================================
Received Import Request.
  Time since last request: 6.261974 seconds.
  path: Assets/Prefabs/Blanca.prefab
  artifactKey: Guid(352a988134bbb9347bec688a806fef92) Importer(815301076,1909f56bfc062723c751e8b465ee728b)
Start importing Assets/Prefabs/Blanca.prefab using Guid(352a988134bbb9347bec688a806fef92) Importer(815301076,1909f56bfc062723c751e8b465ee728b)  -> (artifact id: '680113c2ae4fd2ce782fc4764e8ce2a2') in 0.148617 seconds 
  Import took 0.155079 seconds .

========================================================================
Received Import Request.
  Time since last request: 451.104276 seconds.
  path: Assets/Materials
  artifactKey: Guid(2b6101babc87cb04db6d494b35fc3bdc) Importer(815301076,1909f56bfc062723c751e8b465ee728b)
Start importing Assets/Materials using Guid(2b6101babc87cb04db6d494b35fc3bdc) Importer(815301076,1909f56bfc062723c751e8b465ee728b)  -> (artifact id: '972ad882f6c460f014cd1980776a26f9') in 0.010262 seconds 
  Import took 0.015755 seconds .

========================================================================
Received Import Request.
  Time since last request: 0.003052 seconds.
  path: Assets/Materials
  artifactKey: Guid(2b6101babc87cb04db6d494b35fc3bdc) Importer(815301076,1909f56bfc062723c751e8b465ee728b)
Start importing Assets/Materials using Guid(2b6101babc87cb04db6d494b35fc3bdc) Importer(815301076,1909f56bfc062723c751e8b465ee728b)  -> (artifact id: '972ad882f6c460f014cd1980776a26f9') in 0.003870 seconds 
  Import took 0.009378 seconds .

========================================================================
Received Import Request.
  Time since last request: 19.403879 seconds.
  path: Assets/Materials/Black.mat
  artifactKey: Guid(dd89584135be0bb4fa84270ef6becb08) Importer(815301076,1909f56bfc062723c751e8b465ee728b)
Start importing Assets/Materials/Black.mat using Guid(dd89584135be0bb4fa84270ef6becb08) Importer(815301076,1909f56bfc062723c751e8b465ee728b)  -> (artifact id: '35dcf401f55017a44913065eff3dc7fb') in 0.070096 seconds 
  Import took 0.074650 seconds .

========================================================================
Received Import Request.
  Time since last request: 56.476437 seconds.
  path: Assets/Prefabs/BlackKey.prefab
  artifactKey: Guid(871abd5c6fea67e45ad2a91a9d0ebdb8) Importer(815301076,1909f56bfc062723c751e8b465ee728b)
Start importing Assets/Prefabs/BlackKey.prefab using Guid(871abd5c6fea67e45ad2a91a9d0ebdb8) Importer(815301076,1909f56bfc062723c751e8b465ee728b)  -> (artifact id: 'e65f461b5bbe0f8863c72d68536df3ec') in 0.023078 seconds 
  Import took 0.027546 seconds .

========================================================================
Received Import Request.
  Time since last request: 10.941021 seconds.
  path: Assets/Prefabs/WhiteKey.prefab
  artifactKey: Guid(352a988134bbb9347bec688a806fef92) Importer(815301076,1909f56bfc062723c751e8b465ee728b)
Start importing Assets/Prefabs/WhiteKey.prefab using Guid(352a988134bbb9347bec688a806fef92) Importer(815301076,1909f56bfc062723c751e8b465ee728b)  -> (artifact id: '2cc518c1927888f5b5d9dcf51f9c3341') in 0.019897 seconds 
  Import took 0.024226 seconds .

========================================================================
Received Import Request.
  Time since last request: 45.133631 seconds.
  path: Assets/Prefabs/BlackKey.prefab
  artifactKey: Guid(871abd5c6fea67e45ad2a91a9d0ebdb8) Importer(815301076,1909f56bfc062723c751e8b465ee728b)
Start importing Assets/Prefabs/BlackKey.prefab using Guid(871abd5c6fea67e45ad2a91a9d0ebdb8) Importer(815301076,1909f56bfc062723c751e8b465ee728b)  -> (artifact id: '75584e10669ba61a4235c15cf0c804f1') in 0.029746 seconds 
  Import took 0.037121 seconds .

========================================================================
Received Import Request.
  Time since last request: 66.815266 seconds.
  path: Assets/Prefabs/BlackKey.prefab
  artifactKey: Guid(871abd5c6fea67e45ad2a91a9d0ebdb8) Importer(815301076,1909f56bfc062723c751e8b465ee728b)
Start importing Assets/Prefabs/BlackKey.prefab using Guid(871abd5c6fea67e45ad2a91a9d0ebdb8) Importer(815301076,1909f56bfc062723c751e8b465ee728b)  -> (artifact id: 'd00ac75dc313440516c5c1d8190cdffd') in 0.048561 seconds 
  Import took 0.057567 seconds .

========================================================================
Received Import Request.
  Time since last request: 275.774922 seconds.
  path: Assets/SFX/do.wav
  artifactKey: Guid(b4812c9a14425a94da8faf469b158d41) Importer(815301076,1909f56bfc062723c751e8b465ee728b)
Start importing Assets/SFX/do.wav using Guid(b4812c9a14425a94da8faf469b158d41) Importer(815301076,1909f56bfc062723c751e8b465ee728b)  -> (artifact id: '8a4b93b3f832a271f7b2dcf3a9dc2f4d') in 0.139466 seconds 
  Import took 0.145834 seconds .

========================================================================
Received Import Request.
  Time since last request: 0.000458 seconds.
  path: Assets/SFX/si.wav
  artifactKey: Guid(5c66ad2700bf7e0499ef5dfce02c68c8) Importer(815301076,1909f56bfc062723c751e8b465ee728b)
Start importing Assets/SFX/si.wav using Guid(5c66ad2700bf7e0499ef5dfce02c68c8) Importer(815301076,1909f56bfc062723c751e8b465ee728b)  -> (artifact id: '3b311071bae0c03e73db0bd5b5b00c9f') in 0.028194 seconds 
  Import took 0.033968 seconds .

========================================================================
Received Import Request.
  Time since last request: 0.000476 seconds.
  path: Assets/SFX/re-sostenido.wav
  artifactKey: Guid(ad4ff55b450507344a8a99e6279f4e4d) Importer(815301076,1909f56bfc062723c751e8b465ee728b)
Start importing Assets/SFX/re-sostenido.wav using Guid(ad4ff55b450507344a8a99e6279f4e4d) Importer(815301076,1909f56bfc062723c751e8b465ee728b)  -> (artifact id: 'a290eb52dd06b14426905ed1d5e3e9dc') in 0.029806 seconds 
  Import took 0.035560 seconds .

========================================================================
Received Import Request.
  Time since last request: 0.000479 seconds.
  path: Assets/SFX/fa.wav
  artifactKey: Guid(fefc789c0d2b852479f77e5299a5c9a1) Importer(815301076,1909f56bfc062723c751e8b465ee728b)
Start importing Assets/SFX/fa.wav using Guid(fefc789c0d2b852479f77e5299a5c9a1) Importer(815301076,1909f56bfc062723c751e8b465ee728b)  -> (artifact id: 'd84cf22fcbf6376c6d7b4927d3536a77') in 0.030732 seconds 
  Import took 0.036270 seconds .

========================================================================
Received Import Request.
  Time since last request: 0.000380 seconds.
  path: Assets/SFX/dosostenido.wav
  artifactKey: Guid(fbeeefc49009a79468ec7188312346af) Importer(815301076,1909f56bfc062723c751e8b465ee728b)
Start importing Assets/SFX/dosostenido.wav using Guid(fbeeefc49009a79468ec7188312346af) Importer(815301076,1909f56bfc062723c751e8b465ee728b)  -> (artifact id: 'f58e668abe7a29664ca44d9bc9d2b19c') in 0.022241 seconds 
  Import took 0.026840 seconds .

========================================================================
Received Import Request.
  Time since last request: 0.000346 seconds.
  path: Assets/SFX/do2.wav
  artifactKey: Guid(cdb82c15150f33f4fbecf4769b39e8a7) Importer(815301076,1909f56bfc062723c751e8b465ee728b)
Start importing Assets/SFX/do2.wav using Guid(cdb82c15150f33f4fbecf4769b39e8a7) Importer(815301076,1909f56bfc062723c751e8b465ee728b)  -> (artifact id: '4777731bb0502e909e4c4143d9ba762f') in 0.023352 seconds 
  Import took 0.028306 seconds .

========================================================================
Received Import Request.
  Time since last request: 0.000328 seconds.
  path: Assets/SFX/la.wav
  artifactKey: Guid(8c20aa389d5b4714da4f96ee0ecb67be) Importer(815301076,1909f56bfc062723c751e8b465ee728b)
Start importing Assets/SFX/la.wav using Guid(8c20aa389d5b4714da4f96ee0ecb67be) Importer(815301076,1909f56bfc062723c751e8b465ee728b)  -> (artifact id: '54cc02c1f787b79db69ad963bb43a57c') in 0.023697 seconds 
  Import took 0.027759 seconds .

========================================================================
Received Import Request.
  Time since last request: 0.000405 seconds.
  path: Assets/SFX/solsostenido.wav
  artifactKey: Guid(06d12a394c797c24fad68cf0129d01b9) Importer(815301076,1909f56bfc062723c751e8b465ee728b)
Start importing Assets/SFX/solsostenido.wav using Guid(06d12a394c797c24fad68cf0129d01b9) Importer(815301076,1909f56bfc062723c751e8b465ee728b)  -> (artifact id: '04d72bee6d4a92a55b70b1ba65705f12') in 0.021278 seconds 
  Import took 0.025068 seconds .

========================================================================
Received Import Request.
  Time since last request: 0.000413 seconds.
  path: Assets/SFX/fasostenido.wav
  artifactKey: Guid(267ccb1b98b8cb744960a82b4e207617) Importer(815301076,1909f56bfc062723c751e8b465ee728b)
Start importing Assets/SFX/fasostenido.wav using Guid(267ccb1b98b8cb744960a82b4e207617) Importer(815301076,1909f56bfc062723c751e8b465ee728b)  -> (artifact id: '796b33c8f66bbe84769a5f5f9126c1f7') in 0.023169 seconds 
  Import took 0.027762 seconds .

========================================================================
Received Import Request.
  Time since last request: 0.000392 seconds.
  path: Assets/SFX/re.wav
  artifactKey: Guid(a35875936b6e49744a17995372b4bf2b) Importer(815301076,1909f56bfc062723c751e8b465ee728b)
Start importing Assets/SFX/re.wav using Guid(a35875936b6e49744a17995372b4bf2b) Importer(815301076,1909f56bfc062723c751e8b465ee728b)  -> (artifact id: '5546ae037b0df082af318b829759d0ae') in 0.022283 seconds 
  Import took 0.027083 seconds .

========================================================================
Received Import Request.
  Time since last request: 0.000379 seconds.
  path: Assets/SFX/sol.wav
  artifactKey: Guid(4131519477ba62942a0b282b426f994d) Importer(815301076,1909f56bfc062723c751e8b465ee728b)
Start importing Assets/SFX/sol.wav using Guid(4131519477ba62942a0b282b426f994d) Importer(815301076,1909f56bfc062723c751e8b465ee728b)  -> (artifact id: '3ed105c827277d30cbd5b01e64388d47') in 0.023824 seconds 
  Import took 0.028430 seconds .

========================================================================
Received Import Request.
  Time since last request: 0.000297 seconds.
  path: Assets/SFX/mi.wav
  artifactKey: Guid(87d33327866b17e4ebfce75fe478a039) Importer(815301076,1909f56bfc062723c751e8b465ee728b)
Start importing Assets/SFX/mi.wav using Guid(87d33327866b17e4ebfce75fe478a039) Importer(815301076,1909f56bfc062723c751e8b465ee728b)  -> (artifact id: 'bec49aa4412208253e1d42aa3a63ec0f') in 0.022415 seconds 
  Import took 0.026711 seconds .

========================================================================
Received Import Request.
  Time since last request: 0.000329 seconds.
  path: Assets/SFX/lasostenido.wav
  artifactKey: Guid(599fbceee32e2ae458c27d4dd92987d7) Importer(815301076,1909f56bfc062723c751e8b465ee728b)
Start importing Assets/SFX/lasostenido.wav using Guid(599fbceee32e2ae458c27d4dd92987d7) Importer(815301076,1909f56bfc062723c751e8b465ee728b)  -> (artifact id: '5ed6c231bd308ba269d6121cafaffe83') in 0.021715 seconds 
  Import took 0.026441 seconds .

========================================================================
Received Import Request.
  Time since last request: 0.579253 seconds.
  path: Assets/Scenes/SampleScene.unity
  artifactKey: Guid(9fc0d4010bbf28b4594072e72b8655ab) Importer(815301076,1909f56bfc062723c751e8b465ee728b)
Start importing Assets/Scenes/SampleScene.unity using Guid(9fc0d4010bbf28b4594072e72b8655ab) Importer(815301076,1909f56bfc062723c751e8b465ee728b)  -> (artifact id: '921fcf9e797cee97ad1061024e12b78c') in 0.004687 seconds 
  Import took 0.008962 seconds .

========================================================================
Received Import Request.
  Time since last request: 7.938267 seconds.
  path: Assets/Scenes/Piano.unity
  artifactKey: Guid(9fc0d4010bbf28b4594072e72b8655ab) Importer(815301076,1909f56bfc062723c751e8b465ee728b)
Start importing Assets/Scenes/Piano.unity using Guid(9fc0d4010bbf28b4594072e72b8655ab) Importer(815301076,1909f56bfc062723c751e8b465ee728b)  -> (artifact id: '5f24102127fcf7c4f4adbcdcf298fbb9') in 0.015994 seconds 
  Import took 0.021364 seconds .

========================================================================
Received Import Request.
  Time since last request: 25.576527 seconds.
  path: Assets/Scenes/MainMenu.unity
  artifactKey: Guid(c1fca743b4d03d44481575c04c336edb) Importer(815301076,1909f56bfc062723c751e8b465ee728b)
Start importing Assets/Scenes/MainMenu.unity using Guid(c1fca743b4d03d44481575c04c336edb) Importer(815301076,1909f56bfc062723c751e8b465ee728b)  -> (artifact id: 'ccc135d1cf2ae2cad6747ba853f3bd83') in 0.019545 seconds 
  Import took 0.026395 seconds .

========================================================================
Received Import Request.
  Time since last request: 0.010472 seconds.
  path: Assets/Scenes/MainMenu.unity
  artifactKey: Guid(c1fca743b4d03d44481575c04c336edb) Importer(815301076,1909f56bfc062723c751e8b465ee728b)
Start importing Assets/Scenes/MainMenu.unity using Guid(c1fca743b4d03d44481575c04c336edb) Importer(815301076,1909f56bfc062723c751e8b465ee728b)  -> (artifact id: 'ccc135d1cf2ae2cad6747ba853f3bd83') in 0.006534 seconds 
  Import took 0.014224 seconds .

========================================================================
Received Prepare
Registering precompiled user dll's ...
Registered in 0.015667 seconds.
Begin MonoManager ReloadAssembly
Native extension for WindowsStandalone target not found
Refreshing native plugins compatible for Editor in 0.74 ms, found 5 plugins.
Preloading 2 native plugins for Editor in 0.11 ms.
System.NullReferenceException: Object reference not set to an instance of an object
  at Vuforia.EditorClasses.ExtensionTypeProvider.GetVuforiaPackageAbsPath () [0x0004a] in <67f168408fbf4fce9c04342c093e9fe7>:0 
  at Vuforia.EditorClasses.ExtensionTypeProvider.IsPackageManager () [0x00000] in <67f168408fbf4fce9c04342c093e9fe7>:0 
  at Vuforia.EditorClasses.ExtensionTypeProvider.ResolvePluginType () [0x00009] in <67f168408fbf4fce9c04342c093e9fe7>:0 
  at Vuforia.EditorClasses.ExtensionTypeProvider.GetPluginType () [0x0000c] in <67f168408fbf4fce9c04342c093e9fe7>:0 
  at Vuforia.EditorClasses.VuforiaUtilities.IsVuforiaEnabledInPlayerSettings () [0x00000] in <67f168408fbf4fce9c04342c093e9fe7>:0 
  at VuforiaEnabledObserver..cctor () [0x00000] in <67f168408fbf4fce9c04342c093e9fe7>:0 
UnityEngine.StackTraceUtility:ExtractStackTrace ()
UnityEngine.DebugLogHandler:LogFormat (UnityEngine.LogType,UnityEngine.Object,string,object[])
UnityEngine.Logger:Log (UnityEngine.LogType,object)
UnityEngine.Debug:LogError (object)
UnityEditor.EditorAssemblies:ProcessInitializeOnLoadAttributes (System.Type[])

System.NullReferenceException: Object reference not set to an instance of an object
  at Vuforia.EditorClasses.ExtensionTypeProvider.GetVuforiaPackageAbsPath () [0x0004a] in <67f168408fbf4fce9c04342c093e9fe7>:0 
  at Vuforia.EditorClasses.ExtensionTypeProvider.IsPackageManager () [0x00000] in <67f168408fbf4fce9c04342c093e9fe7>:0 
  at Vuforia.EditorClasses.ExtensionTypeProvider.ResolvePluginType () [0x00009] in <67f168408fbf4fce9c04342c093e9fe7>:0 
  at Vuforia.EditorClasses.ExtensionTypeProvider.GetPluginType () [0x0000c] in <67f168408fbf4fce9c04342c093e9fe7>:0 
  at Vuforia.EditorClasses.VuforiaUtilities.IsVuforiaEnabledInPlayerSettings () [0x00000] in <67f168408fbf4fce9c04342c093e9fe7>:0 
  at Vuforia.EditorClasses.InitializeOnLoadVuforiaTaskRunner..cctor () [0x00015] in <67f168408fbf4fce9c04342c093e9fe7>:0 
UnityEngine.StackTraceUtility:ExtractStackTrace ()
UnityEngine.DebugLogHandler:LogFormat (UnityEngine.LogType,UnityEngine.Object,string,object[])
UnityEngine.Logger:Log (UnityEngine.LogType,object)
UnityEngine.Debug:LogError (object)
UnityEditor.EditorAssemblies:ProcessInitializeOnLoadAttributes (System.Type[])

Mono: successfully reloaded assembly
- Completed reload, in  1.963 seconds
Domain Reload Profiling:
	ReloadAssembly (1963ms)
		BeginReloadAssembly (233ms)
			ExecutionOrderSort (0ms)
			DisableScriptedObjects (8ms)
			BackupInstance (0ms)
			ReleaseScriptingObjects (0ms)
			CreateAndSetChildDomain (69ms)
		EndReloadAssembly (1596ms)
			LoadAssemblies (174ms)
			RebuildTransferFunctionScriptingTraits (0ms)
			SetupTypeCache (512ms)
			ReleaseScriptCaches (1ms)
			RebuildScriptCaches (76ms)
			SetupLoadedEditorAssemblies (675ms)
				LogAssemblyErrors (0ms)
				InitializePlatformSupportModulesInManaged (8ms)
				SetLoadedEditorAssemblies (1ms)
				RefreshPlugins (1ms)
				BeforeProcessingInitializeOnLoad (128ms)
				ProcessInitializeOnLoadAttributes (519ms)
				ProcessInitializeOnLoadMethodAttributes (7ms)
				AfterProcessingInitializeOnLoad (11ms)
				EditorAssembliesLoaded (0ms)
			ExecutionOrderSort2 (0ms)
			AwakeInstancesAfterBackupRestoration (11ms)
Platform modules already initialized, skipping
Switching build target platform(19) subTarget(0) extendedPlatform(0) -> platform(13) subTarget(589824) extendedPlatform(0)
Refreshing native plugins compatible for Editor in 0.76 ms, found 5 plugins.
Preloading 2 native plugins for Editor in 0.12 ms.
Unloading 1512 Unused Serialized files (Serialized files now loaded: 0)
System memory in use before: 74.9 MB.
System memory in use after: 75.0 MB.

Unloading 43 unused Assets to reduce memory usage. Loaded Objects now: 2274.
Total: 4.884100 ms (FindLiveObjects: 0.245200 ms CreateObjectMapping: 0.094500 ms MarkObjects: 4.495400 ms  DeleteObjects: 0.047100 ms)

AssetImportParameters requested are different than current active one (requested -> active):
  custom:framework-win-MediaFoundation: 216162199b28c13a410421893ffa2e32 -> 
  custom:video-decoder-ogg-theora: a1e56fd34408186e4bbccfd4996cb3dc -> 
  custom:container-muxer-webm: aa71ff27fc2769a1b78a27578f13a17b -> 
  custom:container-demuxer-webm: 4f35f7cbe854078d1ac9338744f61a02 -> 
  custom:container-demuxer-ogg: 62fdf1f143b41e24485cea50d1cbac27 -> 
  custom:video-encoder-webm-vp8: eb34c28f22e8b96e1ab97ce403110664 -> 
  custom:video-decoder-webm-vp8: 9c59270c3fd7afecdb556c50c9e8de78 -> 
  custom:graphics/normal-map-encoding: 01000000000000000000000000000000 -> 02000000000000000000000000000000
  custom:audio-decoder-ogg-vorbis: bf7c407c2cedff20999df2af8eb42d56 -> 
  custom:audio-encoder-webm-vorbis: bf7c407c2cedff20999df2af8eb42d56 -> 
========================================================================
Received Prepare
Refreshing native plugins compatible for Editor in 15.99 ms, found 5 plugins.
Preloading 2 native plugins for Editor in 0.09 ms.
Unloading 39 Unused Serialized files (Serialized files now loaded: 0)
System memory in use before: 45.8 MB.
System memory in use after: 45.9 MB.

Unloading 39 unused Assets to reduce memory usage. Loaded Objects now: 2274.
Total: 96.199900 ms (FindLiveObjects: 2.456500 ms CreateObjectMapping: 0.507700 ms MarkObjects: 93.189400 ms  DeleteObjects: 0.044300 ms)

AssetImportParameters requested are different than current active one (requested -> active):
  custom:framework-win-MediaFoundation: 216162199b28c13a410421893ffa2e32 -> 
  custom:video-decoder-ogg-theora: a1e56fd34408186e4bbccfd4996cb3dc -> 
  custom:container-muxer-webm: aa71ff27fc2769a1b78a27578f13a17b -> 
  custom:container-demuxer-webm: 4f35f7cbe854078d1ac9338744f61a02 -> 
  custom:container-demuxer-ogg: 62fdf1f143b41e24485cea50d1cbac27 -> 
  custom:video-encoder-webm-vp8: eb34c28f22e8b96e1ab97ce403110664 -> 
  custom:video-decoder-webm-vp8: 9c59270c3fd7afecdb556c50c9e8de78 -> 
  custom:audio-decoder-ogg-vorbis: bf7c407c2cedff20999df2af8eb42d56 -> 
  custom:audio-encoder-webm-vorbis: bf7c407c2cedff20999df2af8eb42d56 -> 
========================================================================
Received Import Request.
  Time since last request: 672.552832 seconds.
  path: Assets/Sprites/A#.png
  artifactKey: Guid(9f9b8dd038070c140a811521c15b41b8) Importer(815301076,1909f56bfc062723c751e8b465ee728b)
Start importing Assets/Sprites/A#.png using Guid(9f9b8dd038070c140a811521c15b41b8) Importer(815301076,1909f56bfc062723c751e8b465ee728b)  -> (artifact id: 'f0e60ce2807b9f5d43a9a5f6909faebe') in 0.099044 seconds 
  Import took 0.103986 seconds .

========================================================================
Received Import Request.
  Time since last request: 0.000264 seconds.
  path: Assets/Sprites/G#.png
  artifactKey: Guid(04e12ae1b3b3c764b8eac5479cf0faa7) Importer(815301076,1909f56bfc062723c751e8b465ee728b)
Start importing Assets/Sprites/G#.png using Guid(04e12ae1b3b3c764b8eac5479cf0faa7) Importer(815301076,1909f56bfc062723c751e8b465ee728b)  -> (artifact id: 'dbe29e229c277043474889f51a64c383') in 0.019808 seconds 
  Import took 0.023694 seconds .

========================================================================
Received Import Request.
  Time since last request: 0.000358 seconds.
  path: Assets/Sprites/D.png
  artifactKey: Guid(588f6617d4c6d4c46b2e8ec9ca48966e) Importer(815301076,1909f56bfc062723c751e8b465ee728b)
Start importing Assets/Sprites/D.png using Guid(588f6617d4c6d4c46b2e8ec9ca48966e) Importer(815301076,1909f56bfc062723c751e8b465ee728b)  -> (artifact id: '58ebeabf3c9dcb59b4dae0f18561b65d') in 0.018368 seconds 
  Import took 0.022512 seconds .

========================================================================
Received Import Request.
  Time since last request: 0.000350 seconds.
  path: Assets/Sprites/marker_1.png
  artifactKey: Guid(bfb6d2a871582f94f9a84d47425d37bf) Importer(815301076,1909f56bfc062723c751e8b465ee728b)
Start importing Assets/Sprites/marker_1.png using Guid(bfb6d2a871582f94f9a84d47425d37bf) Importer(815301076,1909f56bfc062723c751e8b465ee728b)  -> (artifact id: '0c57e34ae79ef024f55ad96a970b2b06') in 0.020070 seconds 
  Import took 0.024102 seconds .

========================================================================
Received Import Request.
  Time since last request: 0.000320 seconds.
  path: Assets/Sprites/G.png
  artifactKey: Guid(ffa357eab405a0b4e8e646dc5d972583) Importer(815301076,1909f56bfc062723c751e8b465ee728b)
Start importing Assets/Sprites/G.png using Guid(ffa357eab405a0b4e8e646dc5d972583) Importer(815301076,1909f56bfc062723c751e8b465ee728b)  -> (artifact id: '745d6fea04d853975acebebd21856928') in 0.016858 seconds 
  Import took 0.020917 seconds .

========================================================================
Received Import Request.
  Time since last request: 0.000363 seconds.
  path: Assets/Sprites/C#.png
  artifactKey: Guid(235df09f418d0524ab6023a67f933484) Importer(815301076,1909f56bfc062723c751e8b465ee728b)
Start importing Assets/Sprites/C#.png using Guid(235df09f418d0524ab6023a67f933484) Importer(815301076,1909f56bfc062723c751e8b465ee728b)  -> (artifact id: '8febe866b17a06162359eb35e36914e7') in 0.031074 seconds 
  Import took 0.035094 seconds .

========================================================================
Received Import Request.
  Time since last request: 0.000366 seconds.
  path: Assets/Sprites/D#.png
  artifactKey: Guid(e994ea7240784d4499c09a7fc42a7094) Importer(815301076,1909f56bfc062723c751e8b465ee728b)
Start importing Assets/Sprites/D#.png using Guid(e994ea7240784d4499c09a7fc42a7094) Importer(815301076,1909f56bfc062723c751e8b465ee728b)  -> (artifact id: '439a3641f5e90d28fd9c83dcbc445d60') in 0.019626 seconds 
  Import took 0.024223 seconds .

========================================================================
Received Import Request.
  Time since last request: 0.000275 seconds.
  path: Assets/Sprites/E.png
  artifactKey: Guid(b70179ffe2d2e814c800df89c3de99c5) Importer(815301076,1909f56bfc062723c751e8b465ee728b)
Start importing Assets/Sprites/E.png using Guid(b70179ffe2d2e814c800df89c3de99c5) Importer(815301076,1909f56bfc062723c751e8b465ee728b)  -> (artifact id: 'fef758345b7669845a6207291cc349af') in 0.017945 seconds 
  Import took 0.022103 seconds .

========================================================================
Received Import Request.
  Time since last request: 0.000280 seconds.
  path: Assets/Sprites/C.png
  artifactKey: Guid(24490b8e7e325d145bd71f3fedfe950e) Importer(815301076,1909f56bfc062723c751e8b465ee728b)
Start importing Assets/Sprites/C.png using Guid(24490b8e7e325d145bd71f3fedfe950e) Importer(815301076,1909f56bfc062723c751e8b465ee728b)  -> (artifact id: '77d27075bd914c5ce14d5eec3bd88366') in 0.016345 seconds 
  Import took 0.020262 seconds .

========================================================================
Received Import Request.
  Time since last request: 0.000362 seconds.
  path: Assets/Sprites/config_icon.png
  artifactKey: Guid(aa821a6ea470ce44280ce17a51a187de) Importer(815301076,1909f56bfc062723c751e8b465ee728b)
Start importing Assets/Sprites/config_icon.png using Guid(aa821a6ea470ce44280ce17a51a187de) Importer(815301076,1909f56bfc062723c751e8b465ee728b)  -> (artifact id: '21505f08d4df8dcc95b0e6d9b87abe0e') in 0.045620 seconds 
  Import took 0.049931 seconds .

========================================================================
Received Import Request.
  Time since last request: 0.000261 seconds.
  path: Assets/Sprites/F#.png
  artifactKey: Guid(a71e41c886a9c7143bbb0bb7c6b33c2c) Importer(815301076,1909f56bfc062723c751e8b465ee728b)
Start importing Assets/Sprites/F#.png using Guid(a71e41c886a9c7143bbb0bb7c6b33c2c) Importer(815301076,1909f56bfc062723c751e8b465ee728b)  -> (artifact id: '7c6d71996bd19afdbdf65deb25ad589f') in 0.022106 seconds 
  Import took 0.025846 seconds .

========================================================================
Received Import Request.
  Time since last request: 0.000304 seconds.
  path: Assets/Sprites/background.jpg
  artifactKey: Guid(fd8f1a20a959ec9428e91dc5e05b6316) Importer(815301076,1909f56bfc062723c751e8b465ee728b)
Start importing Assets/Sprites/background.jpg using Guid(fd8f1a20a959ec9428e91dc5e05b6316) Importer(815301076,1909f56bfc062723c751e8b465ee728b)  -> (artifact id: 'd1d62522e88075725984aeaa8968ed61') in 0.082746 seconds 
  Import took 0.087469 seconds .

========================================================================
Received Import Request.
  Time since last request: 0.000230 seconds.
  path: Assets/Sprites/F.png
  artifactKey: Guid(8a2ce5ad974ce6445ac6b7afe7f4c5b1) Importer(815301076,1909f56bfc062723c751e8b465ee728b)
Start importing Assets/Sprites/F.png using Guid(8a2ce5ad974ce6445ac6b7afe7f4c5b1) Importer(815301076,1909f56bfc062723c751e8b465ee728b)  -> (artifact id: '62e3181fb1ca96a84dfc456f9f5e9222') in 0.018331 seconds 
  Import took 0.022239 seconds .

========================================================================
Received Import Request.
  Time since last request: 0.000296 seconds.
  path: Assets/Sprites/A.png
  artifactKey: Guid(fb3c3fae35ed4c546985e66a1eeb26b4) Importer(815301076,1909f56bfc062723c751e8b465ee728b)
Start importing Assets/Sprites/A.png using Guid(fb3c3fae35ed4c546985e66a1eeb26b4) Importer(815301076,1909f56bfc062723c751e8b465ee728b)  -> (artifact id: 'b93a823317adfacc4f6655b331ddd7ca') in 0.018177 seconds 
  Import took 0.022392 seconds .

========================================================================
Received Import Request.
  Time since last request: 0.000241 seconds.
  path: Assets/Sprites/B.png
  artifactKey: Guid(ff73e2c333a6864408f3406cfb90b673) Importer(815301076,1909f56bfc062723c751e8b465ee728b)
Start importing Assets/Sprites/B.png using Guid(ff73e2c333a6864408f3406cfb90b673) Importer(815301076,1909f56bfc062723c751e8b465ee728b)  -> (artifact id: '711c3d76feba9d3a734b45a805351a51') in 0.019766 seconds 
  Import took 0.024335 seconds .

========================================================================
Received Import Request.
  Time since last request: 15.515109 seconds.
  path: Assets/Sprites/background.jpg
  artifactKey: Guid(fd8f1a20a959ec9428e91dc5e05b6316) Importer(815301076,1909f56bfc062723c751e8b465ee728b)
Start importing Assets/Sprites/background.jpg using Guid(fd8f1a20a959ec9428e91dc5e05b6316) Importer(815301076,1909f56bfc062723c751e8b465ee728b)  -> (artifact id: 'dd65ea13029a5bd29cf28cbd8e078a14') in 0.099394 seconds 
  Import took 0.103512 seconds .

========================================================================
Received Import Request.
  Time since last request: 115.983147 seconds.
  path: Assets/Fonts
  artifactKey: Guid(83881cac76f6b0f4f91a03a16a4e7a1e) Importer(815301076,1909f56bfc062723c751e8b465ee728b)
Start importing Assets/Fonts using Guid(83881cac76f6b0f4f91a03a16a4e7a1e) Importer(815301076,1909f56bfc062723c751e8b465ee728b)  -> (artifact id: '9f7b2f2de4f6867cacf48951c2ed2de3') in 0.010013 seconds 
  Import took 0.014630 seconds .

========================================================================
Received Import Request.
  Time since last request: 0.003638 seconds.
  path: Assets/Fonts
  artifactKey: Guid(83881cac76f6b0f4f91a03a16a4e7a1e) Importer(815301076,1909f56bfc062723c751e8b465ee728b)
Start importing Assets/Fonts using Guid(83881cac76f6b0f4f91a03a16a4e7a1e) Importer(815301076,1909f56bfc062723c751e8b465ee728b)  -> (artifact id: '9f7b2f2de4f6867cacf48951c2ed2de3') in 0.003627 seconds 
  Import took 0.008733 seconds .

========================================================================
Received Import Request.
  Time since last request: 6.267803 seconds.
  path: Assets/Fonts/Studio Ashtral FREE.otf
  artifactKey: Guid(dc535939caf5899479b0d21857ee29a5) Importer(815301076,1909f56bfc062723c751e8b465ee728b)
Start importing Assets/Fonts/Studio Ashtral FREE.otf using Guid(dc535939caf5899479b0d21857ee29a5) Importer(815301076,1909f56bfc062723c751e8b465ee728b)  -> (artifact id: '7ce8a754fee9631ec57d1af8db8499f8') in 0.084307 seconds 
  Import took 0.088262 seconds .

========================================================================
Received Import Request.
  Time since last request: 47.877744 seconds.
  path: Assets/TextMesh Pro/Fonts/LiberationSans.ttf
  artifactKey: Guid(e3265ab4bf004d28a9537516768c1c75) Importer(815301076,1909f56bfc062723c751e8b465ee728b)
Start importing Assets/TextMesh Pro/Fonts/LiberationSans.ttf using Guid(e3265ab4bf004d28a9537516768c1c75) Importer(815301076,1909f56bfc062723c751e8b465ee728b)  -> (artifact id: '5522470f2f0147079889df7c99ba7fc5') in 0.026914 seconds 
  Import took 0.031418 seconds .

========================================================================
Received Import Request.
  Time since last request: 0.000895 seconds.
  path: Assets/TextMesh Pro/Fonts/LiberationSans.ttf
  artifactKey: Guid(e3265ab4bf004d28a9537516768c1c75) Importer(815301076,1909f56bfc062723c751e8b465ee728b)
Start importing Assets/TextMesh Pro/Fonts/LiberationSans.ttf using Guid(e3265ab4bf004d28a9537516768c1c75) Importer(815301076,1909f56bfc062723c751e8b465ee728b)  -> (artifact id: '5522470f2f0147079889df7c99ba7fc5') in 0.021888 seconds 
  Import took 0.026610 seconds .

========================================================================
Received Import Request.
  Time since last request: 19.495293 seconds.
  path: Assets/Fonts/Studio Ashtral FREE SDF.asset
  artifactKey: Guid(e4866408971fce7408f0e2a15501face) Importer(815301076,1909f56bfc062723c751e8b465ee728b)
Start importing Assets/Fonts/Studio Ashtral FREE SDF.asset using Guid(e4866408971fce7408f0e2a15501face) Importer(815301076,1909f56bfc062723c751e8b465ee728b) Shader 'TextMeshPro/Distance Field': fallback shader 'TextMeshPro/Mobile/Distance Field' not found
 -> (artifact id: 'f5ffc2e6c0d4fdbfbb0e0478fa99cfba') in 0.087211 seconds 
  Import took 0.091429 seconds .

========================================================================
Received Import Request.
  Time since last request: 98.797867 seconds.
  path: Assets/TextMesh Pro/Resources/Fonts & Materials/LiberationSans SDF.asset
  artifactKey: Guid(8f586378b4e144a9851e7b34d9b748ee) Importer(815301076,1909f56bfc062723c751e8b465ee728b)
Start importing Assets/TextMesh Pro/Resources/Fonts & Materials/LiberationSans SDF.asset using Guid(8f586378b4e144a9851e7b34d9b748ee) Importer(815301076,1909f56bfc062723c751e8b465ee728b)  -> (artifact id: 'f1280cc7be10b532b2897fc8654f95d3') in 0.067215 seconds 
  Import took 0.072266 seconds .

========================================================================
Received Import Request.
  Time since last request: 0.000371 seconds.
  path: Assets/TextMesh Pro/Resources/Fonts & Materials/LiberationSans SDF - Fallback.asset
  artifactKey: Guid(2e498d1c8094910479dc3e1b768306a4) Importer(815301076,1909f56bfc062723c751e8b465ee728b)
Start importing Assets/TextMesh Pro/Resources/Fonts & Materials/LiberationSans SDF - Fallback.asset using Guid(2e498d1c8094910479dc3e1b768306a4) Importer(815301076,1909f56bfc062723c751e8b465ee728b)  -> (artifact id: 'b8c2210586957436df79bf961aeff06e') in 0.028867 seconds 
  Import took 0.032864 seconds .

========================================================================
Received Import Request.
  Time since last request: 0.000331 seconds.
  path: Assets/TextMesh Pro/Resources/Fonts & Materials/LiberationSans SDF.asset
  artifactKey: Guid(8f586378b4e144a9851e7b34d9b748ee) Importer(815301076,1909f56bfc062723c751e8b465ee728b)
Start importing Assets/TextMesh Pro/Resources/Fonts & Materials/LiberationSans SDF.asset using Guid(8f586378b4e144a9851e7b34d9b748ee) Importer(815301076,1909f56bfc062723c751e8b465ee728b)  -> (artifact id: 'f1280cc7be10b532b2897fc8654f95d3') in 0.066463 seconds 
  Import took 0.071471 seconds .

========================================================================
Received Import Request.
  Time since last request: 0.000357 seconds.
  path: Assets/TextMesh Pro/Resources/Fonts & Materials/LiberationSans SDF - Fallback.asset
  artifactKey: Guid(2e498d1c8094910479dc3e1b768306a4) Importer(815301076,1909f56bfc062723c751e8b465ee728b)
Start importing Assets/TextMesh Pro/Resources/Fonts & Materials/LiberationSans SDF - Fallback.asset using Guid(2e498d1c8094910479dc3e1b768306a4) Importer(815301076,1909f56bfc062723c751e8b465ee728b)  -> (artifact id: 'b8c2210586957436df79bf961aeff06e') in 0.020501 seconds 
  Import took 0.025265 seconds .

========================================================================
Received Import Request.
  Time since last request: 1297.608584 seconds.
  path: Assets/Sprites/red-23955_1280.png
  artifactKey: Guid(b130b540cdf2412418ad43a9884e09a9) Importer(815301076,1909f56bfc062723c751e8b465ee728b)
Start importing Assets/Sprites/red-23955_1280.png using Guid(b130b540cdf2412418ad43a9884e09a9) Importer(815301076,1909f56bfc062723c751e8b465ee728b)  -> (artifact id: '98ecca382dbf82737288af94f88beb87') in 0.044361 seconds 
  Import took 0.049950 seconds .

========================================================================
Received Import Request.
  Time since last request: 13.076232 seconds.
  path: Assets/Sprites/red-23955_1280.png
  artifactKey: Guid(b130b540cdf2412418ad43a9884e09a9) Importer(815301076,1909f56bfc062723c751e8b465ee728b)
Start importing Assets/Sprites/red-23955_1280.png using Guid(b130b540cdf2412418ad43a9884e09a9) Importer(815301076,1909f56bfc062723c751e8b465ee728b)  -> (artifact id: '470b6755e5f666376b8e0f7b7bb40c7f') in 0.038805 seconds 
  Import took 0.043408 seconds .

========================================================================
Received Import Request.
  Time since last request: 400.341902 seconds.
  path: Assets/NewBehaviourScript.cs
  artifactKey: Guid(1aa0f4a2fbecad74981af433eb96fb71) Importer(815301076,1909f56bfc062723c751e8b465ee728b)
Start importing Assets/NewBehaviourScript.cs using Guid(1aa0f4a2fbecad74981af433eb96fb71) Importer(815301076,1909f56bfc062723c751e8b465ee728b)  -> (artifact id: 'd77e965ec28e55821b6d7cf7f1fdc495') in 0.024451 seconds 
  Import took 0.029178 seconds .

========================================================================
Received Import Request.
  Time since last request: 0.002571 seconds.
  path: Assets/NewBehaviourScript.cs
  artifactKey: Guid(1aa0f4a2fbecad74981af433eb96fb71) Importer(815301076,1909f56bfc062723c751e8b465ee728b)
Start importing Assets/NewBehaviourScript.cs using Guid(1aa0f4a2fbecad74981af433eb96fb71) Importer(815301076,1909f56bfc062723c751e8b465ee728b)  -> (artifact id: 'd77e965ec28e55821b6d7cf7f1fdc495') in 0.003245 seconds 
  Import took 0.007754 seconds .

========================================================================
Received Prepare
Registering precompiled user dll's ...
Registered in 0.013580 seconds.
Begin MonoManager ReloadAssembly
Native extension for WindowsStandalone target not found
Refreshing native plugins compatible for Editor in 0.83 ms, found 5 plugins.
Preloading 2 native plugins for Editor in 0.14 ms.
System.NullReferenceException: Object reference not set to an instance of an object
  at Vuforia.EditorClasses.ExtensionTypeProvider.GetVuforiaPackageAbsPath () [0x0004a] in <67f168408fbf4fce9c04342c093e9fe7>:0 
  at Vuforia.EditorClasses.ExtensionTypeProvider.IsPackageManager () [0x00000] in <67f168408fbf4fce9c04342c093e9fe7>:0 
  at Vuforia.EditorClasses.ExtensionTypeProvider.ResolvePluginType () [0x00009] in <67f168408fbf4fce9c04342c093e9fe7>:0 
  at Vuforia.EditorClasses.ExtensionTypeProvider.GetPluginType () [0x0000c] in <67f168408fbf4fce9c04342c093e9fe7>:0 
  at Vuforia.EditorClasses.VuforiaUtilities.IsVuforiaEnabledInPlayerSettings () [0x00000] in <67f168408fbf4fce9c04342c093e9fe7>:0 
  at VuforiaEnabledObserver..cctor () [0x00000] in <67f168408fbf4fce9c04342c093e9fe7>:0 
UnityEngine.StackTraceUtility:ExtractStackTrace ()
UnityEngine.DebugLogHandler:LogFormat (UnityEngine.LogType,UnityEngine.Object,string,object[])
UnityEngine.Logger:Log (UnityEngine.LogType,object)
UnityEngine.Debug:LogError (object)
UnityEditor.EditorAssemblies:ProcessInitializeOnLoadAttributes (System.Type[])

System.NullReferenceException: Object reference not set to an instance of an object
  at Vuforia.EditorClasses.ExtensionTypeProvider.GetVuforiaPackageAbsPath () [0x0004a] in <67f168408fbf4fce9c04342c093e9fe7>:0 
  at Vuforia.EditorClasses.ExtensionTypeProvider.IsPackageManager () [0x00000] in <67f168408fbf4fce9c04342c093e9fe7>:0 
  at Vuforia.EditorClasses.ExtensionTypeProvider.ResolvePluginType () [0x00009] in <67f168408fbf4fce9c04342c093e9fe7>:0 
  at Vuforia.EditorClasses.ExtensionTypeProvider.GetPluginType () [0x0000c] in <67f168408fbf4fce9c04342c093e9fe7>:0 
  at Vuforia.EditorClasses.VuforiaUtilities.IsVuforiaEnabledInPlayerSettings () [0x00000] in <67f168408fbf4fce9c04342c093e9fe7>:0 
  at Vuforia.EditorClasses.InitializeOnLoadVuforiaTaskRunner..cctor () [0x00015] in <67f168408fbf4fce9c04342c093e9fe7>:0 
UnityEngine.StackTraceUtility:ExtractStackTrace ()
UnityEngine.DebugLogHandler:LogFormat (UnityEngine.LogType,UnityEngine.Object,string,object[])
UnityEngine.Logger:Log (UnityEngine.LogType,object)
UnityEngine.Debug:LogError (object)
UnityEditor.EditorAssemblies:ProcessInitializeOnLoadAttributes (System.Type[])

Mono: successfully reloaded assembly
- Completed reload, in  1.921 seconds
Domain Reload Profiling:
	ReloadAssembly (1921ms)
		BeginReloadAssembly (211ms)
			ExecutionOrderSort (0ms)
			DisableScriptedObjects (8ms)
			BackupInstance (0ms)
			ReleaseScriptingObjects (0ms)
			CreateAndSetChildDomain (85ms)
		EndReloadAssembly (1600ms)
			LoadAssemblies (153ms)
			RebuildTransferFunctionScriptingTraits (0ms)
			SetupTypeCache (488ms)
			ReleaseScriptCaches (1ms)
			RebuildScriptCaches (64ms)
			SetupLoadedEditorAssemblies (699ms)
				LogAssemblyErrors (0ms)
				InitializePlatformSupportModulesInManaged (10ms)
				SetLoadedEditorAssemblies (1ms)
				RefreshPlugins (1ms)
				BeforeProcessingInitializeOnLoad (127ms)
				ProcessInitializeOnLoadAttributes (540ms)
				ProcessInitializeOnLoadMethodAttributes (7ms)
				AfterProcessingInitializeOnLoad (12ms)
				EditorAssembliesLoaded (1ms)
			ExecutionOrderSort2 (0ms)
			AwakeInstancesAfterBackupRestoration (12ms)
Platform modules already initialized, skipping
Switching build target platform(19) subTarget(0) extendedPlatform(0) -> platform(13) subTarget(589824) extendedPlatform(0)
Refreshing native plugins compatible for Editor in 0.77 ms, found 5 plugins.
Preloading 2 native plugins for Editor in 0.09 ms.
Unloading 1526 Unused Serialized files (Serialized files now loaded: 0)
System memory in use before: 77.2 MB.
System memory in use after: 76.8 MB.

Unloading 53 unused Assets to reduce memory usage. Loaded Objects now: 2288.
Total: 4.916500 ms (FindLiveObjects: 0.257700 ms CreateObjectMapping: 0.092700 ms MarkObjects: 4.148200 ms  DeleteObjects: 0.416100 ms)

AssetImportParameters requested are different than current active one (requested -> active):
  custom:framework-win-MediaFoundation: 216162199b28c13a410421893ffa2e32 -> 
  custom:video-decoder-ogg-theora: a1e56fd34408186e4bbccfd4996cb3dc -> 
  custom:container-muxer-webm: aa71ff27fc2769a1b78a27578f13a17b -> 
  custom:container-demuxer-webm: 4f35f7cbe854078d1ac9338744f61a02 -> 
  custom:container-demuxer-ogg: 62fdf1f143b41e24485cea50d1cbac27 -> 
  custom:video-encoder-webm-vp8: eb34c28f22e8b96e1ab97ce403110664 -> 
  custom:video-decoder-webm-vp8: 9c59270c3fd7afecdb556c50c9e8de78 -> 
  custom:graphics/normal-map-encoding: 01000000000000000000000000000000 -> 02000000000000000000000000000000
  custom:audio-decoder-ogg-vorbis: bf7c407c2cedff20999df2af8eb42d56 -> 
  custom:audio-encoder-webm-vorbis: bf7c407c2cedff20999df2af8eb42d56 -> 
========================================================================
Received Prepare
Registering precompiled user dll's ...
Registered in 0.012956 seconds.
Begin MonoManager ReloadAssembly
Native extension for WindowsStandalone target not found
Refreshing native plugins compatible for Editor in 0.85 ms, found 5 plugins.
Preloading 2 native plugins for Editor in 0.10 ms.
System.NullReferenceException: Object reference not set to an instance of an object
  at Vuforia.EditorClasses.ExtensionTypeProvider.GetVuforiaPackageAbsPath () [0x0004a] in <67f168408fbf4fce9c04342c093e9fe7>:0 
  at Vuforia.EditorClasses.ExtensionTypeProvider.IsPackageManager () [0x00000] in <67f168408fbf4fce9c04342c093e9fe7>:0 
  at Vuforia.EditorClasses.ExtensionTypeProvider.ResolvePluginType () [0x00009] in <67f168408fbf4fce9c04342c093e9fe7>:0 
  at Vuforia.EditorClasses.ExtensionTypeProvider.GetPluginType () [0x0000c] in <67f168408fbf4fce9c04342c093e9fe7>:0 
  at Vuforia.EditorClasses.VuforiaUtilities.IsVuforiaEnabledInPlayerSettings () [0x00000] in <67f168408fbf4fce9c04342c093e9fe7>:0 
  at VuforiaEnabledObserver..cctor () [0x00000] in <67f168408fbf4fce9c04342c093e9fe7>:0 
UnityEngine.StackTraceUtility:ExtractStackTrace ()
UnityEngine.DebugLogHandler:LogFormat (UnityEngine.LogType,UnityEngine.Object,string,object[])
UnityEngine.Logger:Log (UnityEngine.LogType,object)
UnityEngine.Debug:LogError (object)
UnityEditor.EditorAssemblies:ProcessInitializeOnLoadAttributes (System.Type[])

System.NullReferenceException: Object reference not set to an instance of an object
  at Vuforia.EditorClasses.ExtensionTypeProvider.GetVuforiaPackageAbsPath () [0x0004a] in <67f168408fbf4fce9c04342c093e9fe7>:0 
  at Vuforia.EditorClasses.ExtensionTypeProvider.IsPackageManager () [0x00000] in <67f168408fbf4fce9c04342c093e9fe7>:0 
  at Vuforia.EditorClasses.ExtensionTypeProvider.ResolvePluginType () [0x00009] in <67f168408fbf4fce9c04342c093e9fe7>:0 
  at Vuforia.EditorClasses.ExtensionTypeProvider.GetPluginType () [0x0000c] in <67f168408fbf4fce9c04342c093e9fe7>:0 
  at Vuforia.EditorClasses.VuforiaUtilities.IsVuforiaEnabledInPlayerSettings () [0x00000] in <67f168408fbf4fce9c04342c093e9fe7>:0 
  at Vuforia.EditorClasses.InitializeOnLoadVuforiaTaskRunner..cctor () [0x00015] in <67f168408fbf4fce9c04342c093e9fe7>:0 
UnityEngine.StackTraceUtility:ExtractStackTrace ()
UnityEngine.DebugLogHandler:LogFormat (UnityEngine.LogType,UnityEngine.Object,string,object[])
UnityEngine.Logger:Log (UnityEngine.LogType,object)
UnityEngine.Debug:LogError (object)
UnityEditor.EditorAssemblies:ProcessInitializeOnLoadAttributes (System.Type[])

Mono: successfully reloaded assembly
- Completed reload, in  1.937 seconds
Domain Reload Profiling:
	ReloadAssembly (1938ms)
		BeginReloadAssembly (196ms)
			ExecutionOrderSort (0ms)
			DisableScriptedObjects (11ms)
			BackupInstance (0ms)
			ReleaseScriptingObjects (0ms)
			CreateAndSetChildDomain (51ms)
		EndReloadAssembly (1618ms)
			LoadAssemblies (167ms)
			RebuildTransferFunctionScriptingTraits (0ms)
			SetupTypeCache (522ms)
			ReleaseScriptCaches (1ms)
			RebuildScriptCaches (68ms)
			SetupLoadedEditorAssemblies (669ms)
				LogAssemblyErrors (0ms)
				InitializePlatformSupportModulesInManaged (8ms)
				SetLoadedEditorAssemblies (1ms)
				RefreshPlugins (1ms)
				BeforeProcessingInitializeOnLoad (131ms)
				ProcessInitializeOnLoadAttributes (511ms)
				ProcessInitializeOnLoadMethodAttributes (7ms)
				AfterProcessingInitializeOnLoad (10ms)
				EditorAssembliesLoaded (0ms)
			ExecutionOrderSort2 (0ms)
			AwakeInstancesAfterBackupRestoration (12ms)
Platform modules already initialized, skipping
Switching build target platform(19) subTarget(0) extendedPlatform(0) -> platform(13) subTarget(589824) extendedPlatform(0)
Refreshing native plugins compatible for Editor in 0.77 ms, found 5 plugins.
Preloading 2 native plugins for Editor in 0.09 ms.
Unloading 1523 Unused Serialized files (Serialized files now loaded: 0)
System memory in use before: 77.0 MB.
System memory in use after: 76.6 MB.

Unloading 54 unused Assets to reduce memory usage. Loaded Objects now: 2290.
Total: 4.802200 ms (FindLiveObjects: 0.233400 ms CreateObjectMapping: 0.092700 ms MarkObjects: 4.043600 ms  DeleteObjects: 0.430900 ms)

AssetImportParameters requested are different than current active one (requested -> active):
  custom:framework-win-MediaFoundation: 216162199b28c13a410421893ffa2e32 -> 
  custom:video-decoder-ogg-theora: a1e56fd34408186e4bbccfd4996cb3dc -> 
  custom:container-muxer-webm: aa71ff27fc2769a1b78a27578f13a17b -> 
  custom:container-demuxer-webm: 4f35f7cbe854078d1ac9338744f61a02 -> 
  custom:container-demuxer-ogg: 62fdf1f143b41e24485cea50d1cbac27 -> 
  custom:video-encoder-webm-vp8: eb34c28f22e8b96e1ab97ce403110664 -> 
  custom:video-decoder-webm-vp8: 9c59270c3fd7afecdb556c50c9e8de78 -> 
  custom:graphics/normal-map-encoding: 01000000000000000000000000000000 -> 02000000000000000000000000000000
  custom:audio-decoder-ogg-vorbis: bf7c407c2cedff20999df2af8eb42d56 -> 
  custom:audio-encoder-webm-vorbis: bf7c407c2cedff20999df2af8eb42d56 -> 
========================================================================
Received Import Request.
  Time since last request: 21.507014 seconds.
  path: Assets/Scripts
  artifactKey: Guid(d84605c2ffcee1941bb719cb8f570e99) Importer(815301076,1909f56bfc062723c751e8b465ee728b)
Start importing Assets/Scripts using Guid(d84605c2ffcee1941bb719cb8f570e99) Importer(815301076,1909f56bfc062723c751e8b465ee728b)  -> (artifact id: '155776d405fd6cfe68783e2353a93263') in 0.013206 seconds 
  Import took 0.017132 seconds .

========================================================================
Received Import Request.
  Time since last request: 0.007033 seconds.
  path: Assets/Scripts
  artifactKey: Guid(d84605c2ffcee1941bb719cb8f570e99) Importer(815301076,1909f56bfc062723c751e8b465ee728b)
Start importing Assets/Scripts using Guid(d84605c2ffcee1941bb719cb8f570e99) Importer(815301076,1909f56bfc062723c751e8b465ee728b)  -> (artifact id: '155776d405fd6cfe68783e2353a93263') in 0.003758 seconds 
  Import took 0.008105 seconds .

========================================================================
Received Import Request.
  Time since last request: 13.725502 seconds.
  path: Assets/Scripts/MainMenu Manager.cs
  artifactKey: Guid(8e55e9478376a4d44b7b3a2beb60e0da) Importer(815301076,1909f56bfc062723c751e8b465ee728b)
Start importing Assets/Scripts/MainMenu Manager.cs using Guid(8e55e9478376a4d44b7b3a2beb60e0da) Importer(815301076,1909f56bfc062723c751e8b465ee728b)  -> (artifact id: '9b9b6df584a8d1ed307264324691ecd4') in 0.011936 seconds 
  Import took 0.016551 seconds .

========================================================================
Received Prepare
Registering precompiled user dll's ...
Registered in 0.013864 seconds.
Begin MonoManager ReloadAssembly
Native extension for WindowsStandalone target not found
Refreshing native plugins compatible for Editor in 0.77 ms, found 5 plugins.
Preloading 2 native plugins for Editor in 0.10 ms.
System.NullReferenceException: Object reference not set to an instance of an object
  at Vuforia.EditorClasses.ExtensionTypeProvider.GetVuforiaPackageAbsPath () [0x0004a] in <67f168408fbf4fce9c04342c093e9fe7>:0 
  at Vuforia.EditorClasses.ExtensionTypeProvider.IsPackageManager () [0x00000] in <67f168408fbf4fce9c04342c093e9fe7>:0 
  at Vuforia.EditorClasses.ExtensionTypeProvider.ResolvePluginType () [0x00009] in <67f168408fbf4fce9c04342c093e9fe7>:0 
  at Vuforia.EditorClasses.ExtensionTypeProvider.GetPluginType () [0x0000c] in <67f168408fbf4fce9c04342c093e9fe7>:0 
  at Vuforia.EditorClasses.VuforiaUtilities.IsVuforiaEnabledInPlayerSettings () [0x00000] in <67f168408fbf4fce9c04342c093e9fe7>:0 
  at VuforiaEnabledObserver..cctor () [0x00000] in <67f168408fbf4fce9c04342c093e9fe7>:0 
UnityEngine.StackTraceUtility:ExtractStackTrace ()
UnityEngine.DebugLogHandler:LogFormat (UnityEngine.LogType,UnityEngine.Object,string,object[])
UnityEngine.Logger:Log (UnityEngine.LogType,object)
UnityEngine.Debug:LogError (object)
UnityEditor.EditorAssemblies:ProcessInitializeOnLoadAttributes (System.Type[])

System.NullReferenceException: Object reference not set to an instance of an object
  at Vuforia.EditorClasses.ExtensionTypeProvider.GetVuforiaPackageAbsPath () [0x0004a] in <67f168408fbf4fce9c04342c093e9fe7>:0 
  at Vuforia.EditorClasses.ExtensionTypeProvider.IsPackageManager () [0x00000] in <67f168408fbf4fce9c04342c093e9fe7>:0 
  at Vuforia.EditorClasses.ExtensionTypeProvider.ResolvePluginType () [0x00009] in <67f168408fbf4fce9c04342c093e9fe7>:0 
  at Vuforia.EditorClasses.ExtensionTypeProvider.GetPluginType () [0x0000c] in <67f168408fbf4fce9c04342c093e9fe7>:0 
  at Vuforia.EditorClasses.VuforiaUtilities.IsVuforiaEnabledInPlayerSettings () [0x00000] in <67f168408fbf4fce9c04342c093e9fe7>:0 
  at Vuforia.EditorClasses.InitializeOnLoadVuforiaTaskRunner..cctor () [0x00015] in <67f168408fbf4fce9c04342c093e9fe7>:0 
UnityEngine.StackTraceUtility:ExtractStackTrace ()
UnityEngine.DebugLogHandler:LogFormat (UnityEngine.LogType,UnityEngine.Object,string,object[])
UnityEngine.Logger:Log (UnityEngine.LogType,object)
UnityEngine.Debug:LogError (object)
UnityEditor.EditorAssemblies:ProcessInitializeOnLoadAttributes (System.Type[])

Mono: successfully reloaded assembly
- Completed reload, in  1.946 seconds
Domain Reload Profiling:
	ReloadAssembly (1947ms)
		BeginReloadAssembly (184ms)
			ExecutionOrderSort (0ms)
			DisableScriptedObjects (8ms)
			BackupInstance (0ms)
			ReleaseScriptingObjects (0ms)
			CreateAndSetChildDomain (60ms)
		EndReloadAssembly (1643ms)
			LoadAssemblies (180ms)
			RebuildTransferFunctionScriptingTraits (0ms)
			SetupTypeCache (512ms)
			ReleaseScriptCaches (1ms)
			RebuildScriptCaches (65ms)
			SetupLoadedEditorAssemblies (677ms)
				LogAssemblyErrors (0ms)
				InitializePlatformSupportModulesInManaged (8ms)
				SetLoadedEditorAssemblies (1ms)
				RefreshPlugins (1ms)
				BeforeProcessingInitializeOnLoad (130ms)
				ProcessInitializeOnLoadAttributes (520ms)
				ProcessInitializeOnLoadMethodAttributes (7ms)
				AfterProcessingInitializeOnLoad (10ms)
				EditorAssembliesLoaded (0ms)
			ExecutionOrderSort2 (0ms)
			AwakeInstancesAfterBackupRestoration (11ms)
Platform modules already initialized, skipping
Switching build target platform(19) subTarget(0) extendedPlatform(0) -> platform(13) subTarget(589824) extendedPlatform(0)
Refreshing native plugins compatible for Editor in 0.76 ms, found 5 plugins.
Preloading 2 native plugins for Editor in 0.09 ms.
Unloading 1524 Unused Serialized files (Serialized files now loaded: 0)
System memory in use before: 77.1 MB.
System memory in use after: 76.6 MB.

Unloading 53 unused Assets to reduce memory usage. Loaded Objects now: 2294.
Total: 5.166400 ms (FindLiveObjects: 0.255200 ms CreateObjectMapping: 0.091800 ms MarkObjects: 4.386900 ms  DeleteObjects: 0.431100 ms)

AssetImportParameters requested are different than current active one (requested -> active):
  custom:framework-win-MediaFoundation: 216162199b28c13a410421893ffa2e32 -> 
  custom:video-decoder-ogg-theora: a1e56fd34408186e4bbccfd4996cb3dc -> 
  custom:container-muxer-webm: aa71ff27fc2769a1b78a27578f13a17b -> 
  custom:container-demuxer-webm: 4f35f7cbe854078d1ac9338744f61a02 -> 
  custom:container-demuxer-ogg: 62fdf1f143b41e24485cea50d1cbac27 -> 
  custom:video-encoder-webm-vp8: eb34c28f22e8b96e1ab97ce403110664 -> 
  custom:video-decoder-webm-vp8: 9c59270c3fd7afecdb556c50c9e8de78 -> 
  custom:graphics/normal-map-encoding: 01000000000000000000000000000000 -> 02000000000000000000000000000000
  custom:audio-decoder-ogg-vorbis: bf7c407c2cedff20999df2af8eb42d56 -> 
  custom:audio-encoder-webm-vorbis: bf7c407c2cedff20999df2af8eb42d56 -> 
========================================================================
Received Import Request.
  Time since last request: 116.177523 seconds.
  path: Assets/Scripts/MainMenu Manager.cs
  artifactKey: Guid(8e55e9478376a4d44b7b3a2beb60e0da) Importer(815301076,1909f56bfc062723c751e8b465ee728b)
Start importing Assets/Scripts/MainMenu Manager.cs using Guid(8e55e9478376a4d44b7b3a2beb60e0da) Importer(815301076,1909f56bfc062723c751e8b465ee728b)  -> (artifact id: '769a5dac62607e2317c9f73f4021acd0') in 0.007454 seconds 
  Import took 0.012405 seconds .

========================================================================
Received Import Request.
  Time since last request: 0.001429 seconds.
  path: Assets/Scripts/MainMenu Manager.cs
  artifactKey: Guid(8e55e9478376a4d44b7b3a2beb60e0da) Importer(815301076,1909f56bfc062723c751e8b465ee728b)
Start importing Assets/Scripts/MainMenu Manager.cs using Guid(8e55e9478376a4d44b7b3a2beb60e0da) Importer(815301076,1909f56bfc062723c751e8b465ee728b)  -> (artifact id: '769a5dac62607e2317c9f73f4021acd0') in 0.003720 seconds 
  Import took 0.007877 seconds .

========================================================================
Received Import Request.
  Time since last request: 20.788891 seconds.
  path: Assets/Scripts/MainMenu Manager.cs
  artifactKey: Guid(8e55e9478376a4d44b7b3a2beb60e0da) Importer(815301076,1909f56bfc062723c751e8b465ee728b)
Start importing Assets/Scripts/MainMenu Manager.cs using Guid(8e55e9478376a4d44b7b3a2beb60e0da) Importer(815301076,1909f56bfc062723c751e8b465ee728b)  -> (artifact id: '3108937342e67748f41af7176d4525dc') in 0.003669 seconds 
  Import took 0.008053 seconds .

========================================================================
Received Import Request.
  Time since last request: 0.000439 seconds.
  path: Assets/Scripts/MainMenu Manager.cs
  artifactKey: Guid(8e55e9478376a4d44b7b3a2beb60e0da) Importer(815301076,1909f56bfc062723c751e8b465ee728b)
Start importing Assets/Scripts/MainMenu Manager.cs using Guid(8e55e9478376a4d44b7b3a2beb60e0da) Importer(815301076,1909f56bfc062723c751e8b465ee728b)  -> (artifact id: '3108937342e67748f41af7176d4525dc') in 0.003613 seconds 
  Import took 0.007571 seconds .

========================================================================
Received Import Request.
  Time since last request: 37.170601 seconds.
  path: Assets/Scripts/MainMenu Manager.cs
  artifactKey: Guid(8e55e9478376a4d44b7b3a2beb60e0da) Importer(815301076,1909f56bfc062723c751e8b465ee728b)
Start importing Assets/Scripts/MainMenu Manager.cs using Guid(8e55e9478376a4d44b7b3a2beb60e0da) Importer(815301076,1909f56bfc062723c751e8b465ee728b)  -> (artifact id: '091234b36557b5e0ae2bc4251940158c') in 0.003469 seconds 
  Import took 0.007796 seconds .

========================================================================
Received Import Request.
  Time since last request: 0.000907 seconds.
  path: Assets/Scripts/MainMenu Manager.cs
  artifactKey: Guid(8e55e9478376a4d44b7b3a2beb60e0da) Importer(815301076,1909f56bfc062723c751e8b465ee728b)
Start importing Assets/Scripts/MainMenu Manager.cs using Guid(8e55e9478376a4d44b7b3a2beb60e0da) Importer(815301076,1909f56bfc062723c751e8b465ee728b)  -> (artifact id: '091234b36557b5e0ae2bc4251940158c') in 0.003978 seconds 
  Import took 0.008295 seconds .

========================================================================
Received Prepare
Registering precompiled user dll's ...
Registered in 0.016600 seconds.
Begin MonoManager ReloadAssembly
Native extension for WindowsStandalone target not found
Refreshing native plugins compatible for Editor in 0.78 ms, found 5 plugins.
Preloading 2 native plugins for Editor in 0.10 ms.
System.NullReferenceException: Object reference not set to an instance of an object
  at Vuforia.EditorClasses.ExtensionTypeProvider.GetVuforiaPackageAbsPath () [0x0004a] in <67f168408fbf4fce9c04342c093e9fe7>:0 
  at Vuforia.EditorClasses.ExtensionTypeProvider.IsPackageManager () [0x00000] in <67f168408fbf4fce9c04342c093e9fe7>:0 
  at Vuforia.EditorClasses.ExtensionTypeProvider.ResolvePluginType () [0x00009] in <67f168408fbf4fce9c04342c093e9fe7>:0 
  at Vuforia.EditorClasses.ExtensionTypeProvider.GetPluginType () [0x0000c] in <67f168408fbf4fce9c04342c093e9fe7>:0 
  at Vuforia.EditorClasses.VuforiaUtilities.IsVuforiaEnabledInPlayerSettings () [0x00000] in <67f168408fbf4fce9c04342c093e9fe7>:0 
  at VuforiaEnabledObserver..cctor () [0x00000] in <67f168408fbf4fce9c04342c093e9fe7>:0 
UnityEngine.StackTraceUtility:ExtractStackTrace ()
UnityEngine.DebugLogHandler:LogFormat (UnityEngine.LogType,UnityEngine.Object,string,object[])
UnityEngine.Logger:Log (UnityEngine.LogType,object)
UnityEngine.Debug:LogError (object)
UnityEditor.EditorAssemblies:ProcessInitializeOnLoadAttributes (System.Type[])

System.NullReferenceException: Object reference not set to an instance of an object
  at Vuforia.EditorClasses.ExtensionTypeProvider.GetVuforiaPackageAbsPath () [0x0004a] in <67f168408fbf4fce9c04342c093e9fe7>:0 
  at Vuforia.EditorClasses.ExtensionTypeProvider.IsPackageManager () [0x00000] in <67f168408fbf4fce9c04342c093e9fe7>:0 
  at Vuforia.EditorClasses.ExtensionTypeProvider.ResolvePluginType () [0x00009] in <67f168408fbf4fce9c04342c093e9fe7>:0 
  at Vuforia.EditorClasses.ExtensionTypeProvider.GetPluginType () [0x0000c] in <67f168408fbf4fce9c04342c093e9fe7>:0 
  at Vuforia.EditorClasses.VuforiaUtilities.IsVuforiaEnabledInPlayerSettings () [0x00000] in <67f168408fbf4fce9c04342c093e9fe7>:0 
  at Vuforia.EditorClasses.InitializeOnLoadVuforiaTaskRunner..cctor () [0x00015] in <67f168408fbf4fce9c04342c093e9fe7>:0 
UnityEngine.StackTraceUtility:ExtractStackTrace ()
UnityEngine.DebugLogHandler:LogFormat (UnityEngine.LogType,UnityEngine.Object,string,object[])
UnityEngine.Logger:Log (UnityEngine.LogType,object)
UnityEngine.Debug:LogError (object)
UnityEditor.EditorAssemblies:ProcessInitializeOnLoadAttributes (System.Type[])

Mono: successfully reloaded assembly
- Completed reload, in  2.043 seconds
Domain Reload Profiling:
	ReloadAssembly (2044ms)
		BeginReloadAssembly (266ms)
			ExecutionOrderSort (0ms)
			DisableScriptedObjects (13ms)
			BackupInstance (0ms)
			ReleaseScriptingObjects (0ms)
			CreateAndSetChildDomain (90ms)
		EndReloadAssembly (1620ms)
			LoadAssemblies (207ms)
			RebuildTransferFunctionScriptingTraits (0ms)
			SetupTypeCache (497ms)
			ReleaseScriptCaches (1ms)
			RebuildScriptCaches (65ms)
			SetupLoadedEditorAssemblies (661ms)
				LogAssemblyErrors (0ms)
				InitializePlatformSupportModulesInManaged (8ms)
				SetLoadedEditorAssemblies (1ms)
				RefreshPlugins (1ms)
				BeforeProcessingInitializeOnLoad (129ms)
				ProcessInitializeOnLoadAttributes (504ms)
				ProcessInitializeOnLoadMethodAttributes (7ms)
				AfterProcessingInitializeOnLoad (11ms)
				EditorAssembliesLoaded (0ms)
			ExecutionOrderSort2 (0ms)
			AwakeInstancesAfterBackupRestoration (16ms)
Platform modules already initialized, skipping
Switching build target platform(19) subTarget(0) extendedPlatform(0) -> platform(13) subTarget(589824) extendedPlatform(0)
Refreshing native plugins compatible for Editor in 0.77 ms, found 5 plugins.
Preloading 2 native plugins for Editor in 0.10 ms.
Unloading 1524 Unused Serialized files (Serialized files now loaded: 0)
System memory in use before: 77.1 MB.
System memory in use after: 76.6 MB.

Unloading 53 unused Assets to reduce memory usage. Loaded Objects now: 2297.
Total: 5.194700 ms (FindLiveObjects: 0.262800 ms CreateObjectMapping: 0.099300 ms MarkObjects: 4.343000 ms  DeleteObjects: 0.487800 ms)

AssetImportParameters requested are different than current active one (requested -> active):
  custom:framework-win-MediaFoundation: 216162199b28c13a410421893ffa2e32 -> 
  custom:video-decoder-ogg-theora: a1e56fd34408186e4bbccfd4996cb3dc -> 
  custom:container-muxer-webm: aa71ff27fc2769a1b78a27578f13a17b -> 
  custom:container-demuxer-webm: 4f35f7cbe854078d1ac9338744f61a02 -> 
  custom:container-demuxer-ogg: 62fdf1f143b41e24485cea50d1cbac27 -> 
  custom:video-encoder-webm-vp8: eb34c28f22e8b96e1ab97ce403110664 -> 
  custom:video-decoder-webm-vp8: 9c59270c3fd7afecdb556c50c9e8de78 -> 
  custom:graphics/normal-map-encoding: 01000000000000000000000000000000 -> 02000000000000000000000000000000
  custom:audio-decoder-ogg-vorbis: bf7c407c2cedff20999df2af8eb42d56 -> 
  custom:audio-encoder-webm-vorbis: bf7c407c2cedff20999df2af8eb42d56 -> 
AssetImportWorkerClient::OnTransportError - code=2 error=End of file
